C51 COMPILER V9.54   AT24C02                                                               03/21/2025 16:23:45 PAGE 1   


C51 COMPILER V9.54, COMPILATION OF MODULE AT24C02
OBJECT MODULE PLACED IN .\Objects\At24C02.obj
COMPILER INVOKED BY: D:\KEIL 5C51\C51\BIN\C51.EXE At24C02.c OPTIMIZE(8,SPEED) BROWSE DEBUG OBJECTEXTEND PRINT(.\Listings
                    -\At24C02.lst) OBJECT(.\Objects\At24C02.obj)

line level    source

   1          #include <REGX52.H>
   2          #include "I2C.h"
   3          
   4          
   5          #define At24C02_ADDRESS         0xA0
   6          
   7          
   8          
   9          /**
  10            * @brief  AT24C02写入一个字节
  11            * @param  WordAddress 要写入字节的地址
  12            * @param  Data 要写入字节的数据
  13            * @retval 无
  14            */
  15          void AT24C02_WriteByte(unsigned char WordAddress,Data)
  16          {
  17   1              unsigned char Ack;
  18   1              I2C_Start();
  19   1              I2C_SendByte(At24C02_ADDRESS);
  20   1              I2C_ReceiveAck();
  21   1              I2C_SendByte(WordAddress);
  22   1              I2C_ReceiveAck();
  23   1              I2C_SendByte(Data);
  24   1              I2C_ReceiveAck();
  25   1              I2C_Stop();
  26   1      }
*** WARNING C280 IN LINE 17 OF At24C02.c: 'Ack': unreferenced local variable
  27          
  28          
  29          
  30          /**
  31            * @brief  AT24C02读取一个字节
  32            * @param  WordAddress 要读出字节的地址
  33            * @retval 读出的数据
  34            */
  35          unsigned char AT24C02_ReadByte(unsigned char WordAddress)
  36          {
  37   1              unsigned char Data;
  38   1              I2C_Start();
  39   1              I2C_SendByte(At24C02_ADDRESS);
  40   1              I2C_ReceiveAck();
  41   1              I2C_SendByte(WordAddress);
  42   1              I2C_ReceiveAck();
  43   1              I2C_Start();
  44   1              I2C_SendByte(At24C02_ADDRESS|0x01);
  45   1              I2C_ReceiveAck();
  46   1              Data=I2C_ReceiveByte();
  47   1              I2C_SendAck(1);
  48   1              I2C_Stop();
  49   1              return Data;
  50   1      }
  51          
  52          

C51 COMPILER V9.54   AT24C02                                                               03/21/2025 16:23:45 PAGE 2   


MODULE INFORMATION:   STATIC OVERLAYABLE
   CODE SIZE        =     84    ----
   CONSTANT SIZE    =   ----    ----
   XDATA SIZE       =   ----    ----
   PDATA SIZE       =   ----    ----
   DATA SIZE        =   ----       6
   IDATA SIZE       =   ----    ----
   BIT SIZE         =   ----    ----
END OF MODULE INFORMATION.


C51 COMPILATION COMPLETE.  1 WARNING(S),  0 ERROR(S)
