C51 COMPILER V9.54   MIAN                                                                  03/21/2025 14:27:55 PAGE 1   


C51 COMPILER V9.54, COMPILATION OF MODULE MIAN
OBJECT MODULE PLACED IN .\Objects\mian.obj
COMPILER INVOKED BY: D:\KEIL 5C51\C51\BIN\C51.EXE mian.c OPTIMIZE(8,SPEED) BROWSE DEBUG OBJECTEXTEND PRINT(.\Listings\mi
                    -an.lst) OBJECT(.\Objects\mian.obj)

line level    source

   1          #include <REGX52.H>
   2          #include "Timer0.h"
   3          
   4          void main()
   5          {
   6   1              Timer0_Init();
   7   1              while(1)
   8   1              {
   9   2                      
  10   2              }
  11   1      }
  12          
  13          
  14          void Timer0_Routine() interrupt 1
  15          {
  16   1              static unsigned int T0Count;
  17   1              TH0 = 0xFC;                             
  18   1              TL0 = 0x66;     
  19   1              T0Count++;
  20   1              if(T0Count>=1000)
  21   1              {
  22   2                      T0Count=0;
  23   2                      P2=~P2;
  24   2              }
  25   1      }


MODULE INFORMATION:   STATIC OVERLAYABLE
   CODE SIZE        =     46    ----
   CONSTANT SIZE    =   ----    ----
   XDATA SIZE       =   ----    ----
   PDATA SIZE       =   ----    ----
   DATA SIZE        =      2    ----
   IDATA SIZE       =   ----    ----
   BIT SIZE         =   ----    ----
END OF MODULE INFORMATION.


C51 COMPILATION COMPLETE.  0 WARNING(S),  0 ERROR(S)
