C51 COMPILER V9.54   BUZZER                                                                03/24/2025 18:23:54 PAGE 1   


C51 COMPILER V9.54, COMPILATION OF MODULE BUZZER
OBJECT MODULE PLACED IN .\Objects\Buzzer.obj
COMPILER INVOKED BY: D:\KEIL 5C51\C51\BIN\C51.EXE Buzzer.c OPTIMIZE(8,SPEED) BROWSE DEBUG OBJECTEXTEND PRINT(.\Listings\
                    -Buzzer.lst) OBJECT(.\Objects\Buzzer.obj)

line level    source

   1          #include <REGX52.H>
   2          #include <Intrins.h>
   3          
   4          //蜂鸣器端口
   5          sbit Buzzer=P2^5;
   6          
   7          /**
   8            * @brief  蜂鸣器私有延时函数，延时500ms
   9            * @param  无
  10            * @retval 无
  11            */
  12          
  13          void Buzzer_Delay500us(void)    //@11.0592MHz
  14          {
  15   1              unsigned char data i;
  16   1      
  17   1              _nop_();
  18   1              i = 227;
  19   1              while (--i);
  20   1      }
  21          
  22          /**
  23            * @brief  蜂鸣器发声
  24            * @param  ms  发声的时长
  25            * @retval 无
  26            */
  27          
  28          void Buzzer_Time(unsigned int ms)
  29          {
  30   1              unsigned int i;
  31   1              for(i=0;i<ms*2;i++)
  32   1              {
  33   2                      Buzzer=!Buzzer;
  34   2                      Buzzer_Delay500us();
  35   2              }
  36   1      }


MODULE INFORMATION:   STATIC OVERLAYABLE
   CODE SIZE        =     40    ----
   CONSTANT SIZE    =   ----    ----
   XDATA SIZE       =   ----    ----
   PDATA SIZE       =   ----    ----
   DATA SIZE        =   ----    ----
   IDATA SIZE       =   ----    ----
   BIT SIZE         =   ----    ----
END OF MODULE INFORMATION.


C51 COMPILATION COMPLETE.  0 WARNING(S),  0 ERROR(S)
