C51 COMPILER V9.54   LCD1602                                                               03/30/2025 16:39:12 PAGE 1   


C51 COMPILER V9.54, COMPILATION OF MODULE LCD1602
OBJECT MODULE PLACED IN .\Objects\LCD1602.obj
COMPILER INVOKED BY: D:\KEIL 5C51\C51\BIN\C51.EXE LCD1602.c OPTIMIZE(8,SPEED) BROWSE DEBUG OBJECTEXTEND PRINT(.\Listings
                    -\LCD1602.lst) OBJECT(.\Objects\LCD1602.obj)

line level    source

   1          #include <REGX52.H>
   2          #include <Intrins.h>
   3          
   4          //引脚定义
   5          sbit LCD_RS=P2^6;
   6          sbit LCD_RW=P2^5;
   7          sbit LCD_E=P2^7;
   8          #define LCD_DataPort P0
   9          
  10          /**
  11            * @brief  LCD1602延时函数，11.0592MHz调用可延时1ms
  12            * @param  无
  13            * @retval 无
  14            */
  15          void LCD_Delay(void)    //@11.0592MHz,延时1ms
  16          {
  17   1              unsigned char data i, j;
  18   1              
  19   1              _nop_();
  20   1              i = 2;
  21   1              j = 199;
  22   1              do
  23   1              {
  24   2                      while (--j);
  25   2              } while (--i);
  26   1      }
  27          
  28          /**
  29            * @brief  LCD1602写命令
  30            * @param  Command 要写入的命令
  31            * @retval 无
  32            */
  33          void LCD_WriteCommand(unsigned char Command)
  34          {
  35   1              LCD_RS=0;
  36   1              LCD_RW=0;
  37   1              LCD_DataPort=Command;
  38   1              LCD_E=1;
  39   1              LCD_Delay();
  40   1              LCD_E=0;
  41   1              LCD_Delay();
  42   1      }
  43          
  44          /**
  45            * @brief  LCD1602写数据
  46            * @param  Data 要写入的数据
  47            * @retval 无
  48            */
  49          void LCD_WriteData(unsigned char Data)
  50          {
  51   1              LCD_RS=1;
  52   1              LCD_RW=0;
  53   1              LCD_DataPort=Data;
  54   1              LCD_E=1;
C51 COMPILER V9.54   LCD1602                                                               03/30/2025 16:39:12 PAGE 2   

  55   1              LCD_Delay();
  56   1              LCD_E=0;
  57   1              LCD_Delay();
  58   1      }
  59          
  60          /**
  61            * @brief  LCD1602初始化函数
  62            * @param  无
  63            * @retval 无
  64            */
  65          void LCD_Init(void)
  66          {
  67   1              LCD_WriteCommand(0x38);
  68   1              LCD_WriteCommand(0x0C);
  69   1              LCD_WriteCommand(0x06);
  70   1              LCD_WriteCommand(0x01);
  71   1      }
  72          
  73          /**
  74            * @brief  LCD1602设置光标位置
  75            * @param  Line 行位置，范围：1~2
  76            * @param  Column 列位置，范围：1~16
  77            * @retval 无
  78            */
  79          void LCD_SetCursor(unsigned char Line,unsigned char Column)
  80          {
  81   1              if(Line==1)
  82   1              {
  83   2                      LCD_WriteCommand(0x80|(Column-1));
  84   2              }
  85   1              else
  86   1              {
  87   2                      LCD_WriteCommand(0x80|(Column-1)+0x40);
  88   2              }
  89   1      }
  90          
  91          /**
  92            * @brief  在LCD1602指定位置上显示一个字符
  93            * @param  Line 行位置，范围：1~2
  94            * @param  Column 列位置，范围：1~16
  95            * @param  Char 要显示的字符
  96            * @retval 无
  97            */
  98          void LCD_ShowChar(unsigned char Line,unsigned char Column,unsigned char Char)
  99          {
 100   1              LCD_SetCursor(Line,Column);
 101   1              LCD_WriteData(Char);
 102   1      }
 103          
 104          /**
 105            * @brief  在LCD1602指定位置开始显示所给字符串
 106            * @param  Line 起始行位置，范围：1~2
 107            * @param  Column 起始列位置，范围：1~16
 108            * @param  String 要显示的字符串
 109            * @retval 无
 110            */
 111          void LCD_ShowString(unsigned char Line,unsigned char Column,unsigned char *String)
 112          {
 113   1              unsigned char i;
 114   1              LCD_SetCursor(Line,Column);
 115   1              for(i=0;String[i]!='\0';i++)
 116   1              {
C51 COMPILER V9.54   LCD1602                                                               03/30/2025 16:39:12 PAGE 3   

 117   2                      LCD_WriteData(String[i]);
 118   2              }
 119   1      }
 120          
 121          /**
 122            * @brief  返回值=X的Y次方
 123            */
 124          int LCD_Pow(int X,int Y)
 125          {
 126   1              unsigned char i;
 127   1              int Result=1;
 128   1              for(i=0;i<Y;i++)
 129   1              {
 130   2                      Result*=X;
 131   2              }
 132   1              return Result;
 133   1      }
 134          
 135          /**
 136            * @brief  在LCD1602指定位置开始显示所给数字
 137            * @param  Line 起始行位置，范围：1~2
 138            * @param  Column 起始列位置，范围：1~16
 139            * @param  Number 要显示的数字，范围：0~65535
 140            * @param  Length 要显示数字的长度，范围：1~5
 141            * @retval 无
 142            */
 143          void LCD_ShowNum(unsigned char Line,unsigned char Column,unsigned int Number,unsigned char Length)
 144          {
 145   1              unsigned char i;
 146   1              LCD_SetCursor(Line,Column);
 147   1              for(i=Length;i>0;i--)
 148   1              {
 149   2                      LCD_WriteData('0'+Number/LCD_Pow(10,i-1)%10);
 150   2              }
 151   1      }
 152          
 153          /**
 154            * @brief  在LCD1602指定位置开始以有符号十进制显示所给数字
 155            * @param  Line 起始行位置，范围：1~2
 156            * @param  Column 起始列位置，范围：1~16
 157            * @param  Number 要显示的数字，范围：-32768~32767
 158            * @param  Length 要显示数字的长度，范围：1~5
 159            * @retval 无
 160            */
 161          void LCD_ShowSignedNum(unsigned char Line,unsigned char Column,int Number,unsigned char Length)
 162          {
 163   1              unsigned char i;
 164   1              unsigned int Number1;
 165   1              LCD_SetCursor(Line,Column);
 166   1              if(Number>=0)
 167   1              {
 168   2                      LCD_WriteData('+');
 169   2                      Number1=Number;
 170   2              }
 171   1              else
 172   1              {
 173   2                      LCD_WriteData('-');
 174   2                      Number1=-Number;
 175   2              }
 176   1              for(i=Length;i>0;i--)
 177   1              {
 178   2                      LCD_WriteData('0'+Number1/LCD_Pow(10,i-1)%10);
C51 COMPILER V9.54   LCD1602                                                               03/30/2025 16:39:12 PAGE 4   

 179   2              }
 180   1      }
 181          
 182          /**
 183            * @brief  在LCD1602指定位置开始以十六进制显示所给数字
 184            * @param  Line 起始行位置，范围：1~2
 185            * @param  Column 起始列位置，范围：1~16
 186            * @param  Number 要显示的数字，范围：0~0xFFFF
 187            * @param  Length 要显示数字的长度，范围：1~4
 188            * @retval 无
 189            */
 190          void LCD_ShowHexNum(unsigned char Line,unsigned char Column,unsigned int Number,unsigned char Length)
 191          {
 192   1              unsigned char i;
 193   1              unsigned char SingleNumber;
 194   1              LCD_SetCursor(Line,Column);
 195   1              for(i=Length;i>0;i--)
 196   1              {
 197   2                      SingleNumber=Number/LCD_Pow(16,i-1)%16;
 198   2                      if(SingleNumber<10)
 199   2                      {
 200   3                              LCD_WriteData('0'+SingleNumber);
 201   3                      }
 202   2                      else
 203   2                      {
 204   3                              LCD_WriteData('A'+SingleNumber-10);
 205   3                      }
 206   2              }
 207   1      }
 208          
 209          /**
 210            * @brief  在LCD1602指定位置开始以二进制显示所给数字
 211            * @param  Line 起始行位置，范围：1~2
 212            * @param  Column 起始列位置，范围：1~16
 213            * @param  Number 要显示的数字，范围：0~1111 1111 1111 1111
 214            * @param  Length 要显示数字的长度，范围：1~16
 215            * @retval 无
 216            */
 217          void LCD_ShowBinNum(unsigned char Line,unsigned char Column,unsigned int Number,unsigned char Length)
 218          {
 219   1              unsigned char i;
 220   1              LCD_SetCursor(Line,Column);
 221   1              for(i=Length;i>0;i--)
 222   1              {
 223   2                      LCD_WriteData('0'+Number/LCD_Pow(2,i-1)%2);
 224   2              }
 225   1      }


MODULE INFORMATION:   STATIC OVERLAYABLE
   CODE SIZE        =    388    ----
   CONSTANT SIZE    =   ----    ----
   XDATA SIZE       =   ----    ----
   PDATA SIZE       =   ----    ----
   DATA SIZE        =   ----      29
   IDATA SIZE       =   ----    ----
   BIT SIZE         =   ----    ----
END OF MODULE INFORMATION.


C51 COMPILATION COMPLETE.  0 WARNING(S),  0 ERROR(S)
