C51 COMPILER V9.54   MAIN                                                                  03/30/2025 16:39:12 PAGE 1   


C51 COMPILER V9.54, COMPILATION OF MODULE MAIN
OBJECT MODULE PLACED IN .\Objects\main.obj
COMPILER INVOKED BY: D:\KEIL 5C51\C51\BIN\C51.EXE main.c OPTIMIZE(8,SPEED) BROWSE DEBUG OBJECTEXTEND PRINT(.\Listings\ma
                    -in.lst) OBJECT(.\Objects\main.obj)

line level    source

   1          #include <REGX52.H>
   2          #include "LCD1602.h"
   3          #include "Delay.h"
   4          #include "IR.h"
   5          
   6          unsigned char Num;
   7          unsigned int Address;
   8          unsigned int Command;
   9          
  10          void main()
  11          {
  12   1      
  13   1              LCD_Init();
  14   1              LCD_ShowString(1,1,"A");
  15   1              
  16   1              IR_Init();
  17   1              while(1)
  18   1              {
  19   2                      if(IR_GetDataFlag() || IR_GetRepeatFlag())
  20   2                      {
  21   3                              Address=IR_GetAddress();
  22   3                              Command=IR_GetCommand();
  23   3                              
  24   3                              LCD_ShowHexNum(2,1,Address,2);
  25   3                              LCD_ShowHexNum(2,5,Command,2);
  26   3                              
  27   3                              if(Command==0x15)
  28   3                              {
  29   4                                      Num--;
  30   4                              }
  31   3                              if(Command==0x09)
  32   3                              {
  33   4                                      Num++;
  34   4                              }
  35   3                              LCD_ShowNum(2,10,Num,3);
  36   3                              
  37   3                      }
  38   2              }
  39   1      }


MODULE INFORMATION:   STATIC OVERLAYABLE
   CODE SIZE        =    112    ----
   CONSTANT SIZE    =      2    ----
   XDATA SIZE       =   ----    ----
   PDATA SIZE       =   ----    ----
   DATA SIZE        =      5    ----
   IDATA SIZE       =   ----    ----
   BIT SIZE         =   ----    ----
END OF MODULE INFORMATION.


C51 COMPILATION COMPLETE.  0 WARNING(S),  0 ERROR(S)
