C51 COMPILER V9.54   UART                                                                  03/16/2025 16:23:09 PAGE 1   


C51 COMPILER V9.54, COMPILATION OF MODULE UART
OBJECT MODULE PLACED IN .\Objects\UART.obj
COMPILER INVOKED BY: D:\KEIL 5C51\C51\BIN\C51.EXE UART.c OPTIMIZE(8,SPEED) BROWSE DEBUG OBJECTEXTEND PRINT(.\Listings\UA
                    -RT.lst) OBJECT(.\Objects\UART.obj)

line level    source

   1          #include <REGX52.H>
   2          
   3          void UART_Init()
   4          {
   5   1              SCON = 0x50;            //8位数据,可变波特率
   6   1              PCON |= 0x80;           //使能波特率倍速位SMOD
   7   1              TMOD &= 0x0F;           //设置定时器模式
   8   1              TMOD |= 0x20;           //设置定时器模式
   9   1              TL1 = 0xFA;                     //设置定时初始值
  10   1              TH1 = 0xFA;                     //设置定时重载值
  11   1              ET1 = 0;                        //禁止定时器中断
  12   1              TR1 = 1;                        //定时器1开始计时
  13   1      
  14   1      }
  15          
  16          void UART_SendByte(unsigned char Byte)
  17          {
  18   1              SBUF=Byte;
  19   1              while(TI==0);
  20   1              TI=0;
  21   1      }


MODULE INFORMATION:   STATIC OVERLAYABLE
   CODE SIZE        =     31    ----
   CONSTANT SIZE    =   ----    ----
   XDATA SIZE       =   ----    ----
   PDATA SIZE       =   ----    ----
   DATA SIZE        =   ----    ----
   IDATA SIZE       =   ----    ----
   BIT SIZE         =   ----    ----
END OF MODULE INFORMATION.


C51 COMPILATION COMPLETE.  0 WARNING(S),  0 ERROR(S)
