C51 COMPILER V9.54   MAIN                                                                  02/25/2025 19:28:58 PAGE 1   


C51 COMPILER V9.54, COMPILATION OF MODULE MAIN
OBJECT MODULE PLACED IN .\Objects\main.obj
COMPILER INVOKED BY: D:\KEIL 5C51\C51\BIN\C51.EXE main.c OPTIMIZE(8,SPEED) BROWSE DEBUG OBJECTEXTEND PRINT(.\Listings\ma
                    -in.lst) OBJECT(.\Objects\main.obj)

line level    source

   1          #include <REGX52.H>
   2          #include "Delay.h"
   3          #include "Nixie.h"
   4          
   5          
   6          void main()
   7          {
   8   1              
   9   1              
  10   1              while(1)
  11   1              {
  12   2                      Nixie(1,1);
  13   2                      Delay(1);
  14   2                      Nixie(2,2);
  15   2                      Delay(1);
  16   2                      Nixie(3,3);     
  17   2                      Delay(1);
  18   2                      Nixie(4,4);     
  19   2                      Delay(1);
  20   2              }
  21   1              
  22   1              
  23   1      }
  24          
  25          


MODULE INFORMATION:   STATIC OVERLAYABLE
   CODE SIZE        =     66    ----
   CONSTANT SIZE    =   ----    ----
   XDATA SIZE       =   ----    ----
   PDATA SIZE       =   ----    ----
   DATA SIZE        =   ----    ----
   IDATA SIZE       =   ----    ----
   BIT SIZE         =   ----    ----
END OF MODULE INFORMATION.


C51 COMPILATION COMPLETE.  0 WARNING(S),  0 ERROR(S)
