C51 COMPILER V9.54   MAIN                                                                  03/04/2025 21:54:58 PAGE 1   


C51 COMPILER V9.54, COMPILATION OF MODULE MAIN
OBJECT MODULE PLACED IN .\Objects\main.obj
COMPILER INVOKED BY: D:\KEIL 5C51\C51\BIN\C51.EXE main.c OPTIMIZE(8,SPEED) BROWSE DEBUG OBJECTEXTEND PRINT(.\Listings\ma
                    -in.lst) OBJECT(.\Objects\main.obj)

line level    source

   1          #include <REGX52.H>
   2          #include "Delay.h"
   3          #include "LCD1602.h"
   4          #include "Timer0.h"
   5          
   6          unsigned char Sec=20,Min=55,Hour=21;
   7          
   8          void main()
   9          {
  10   1              LCD_Init();
  11   1              Timer0_Init();
  12   1              
  13   1              LCD_ShowString(1,1,"Clock");
  14   1              LCD_ShowString(2,1,"  :  :");
  15   1              while(1)
  16   1              {
  17   2                      LCD_ShowNum(2,1,Hour,2);
  18   2                      LCD_ShowNum(2,4,Min,2);
  19   2                      LCD_ShowNum(2,7,Sec,2);
  20   2                      
  21   2              }
  22   1      }
  23          
  24          
  25          void Timer0_Routine() interrupt 1
  26          {
  27   1              static unsigned int T0Count;
  28   1              TH0 = 0xFC;                             
  29   1              TL0 = 0x66;     
  30   1              T0Count++;
  31   1              if(T0Count>=1000)
  32   1              {
  33   2                      T0Count=0;
  34   2                      Sec++;
  35   2                      if(Sec>=60)
  36   2                      {
  37   3                              Sec=0;
  38   3                              Min++;
  39   3                              if(Min>=60)
  40   3                              {
  41   4                                      Min=0;
  42   4                                      Hour++;
  43   4                                      if(Hour>=24)
  44   4                                              Hour=0;
  45   4                              }
  46   3                      }
  47   2              }
  48   1      }


MODULE INFORMATION:   STATIC OVERLAYABLE
   CODE SIZE        =    150    ----
   CONSTANT SIZE    =     13    ----
   XDATA SIZE       =   ----    ----
C51 COMPILER V9.54   MAIN                                                                  03/04/2025 21:54:58 PAGE 2   

   PDATA SIZE       =   ----    ----
   DATA SIZE        =      5    ----
   IDATA SIZE       =   ----    ----
   BIT SIZE         =   ----    ----
END OF MODULE INFORMATION.


C51 COMPILATION COMPLETE.  0 WARNING(S),  0 ERROR(S)
