C51 COMPILER V9.54   MAIN                                                                  02/22/2025 19:59:43 PAGE 1   


C51 COMPILER V9.54, COMPILATION OF MODULE MAIN
OBJECT MODULE PLACED IN .\Objects\main.obj
COMPILER INVOKED BY: D:\KEIL 5C51\C51\BIN\C51.EXE main.c OPTIMIZE(8,SPEED) BROWSE DEBUG OBJECTEXTEND PRINT(.\Listings\ma
                    -in.lst) OBJECT(.\Objects\main.obj)

line level    source

   1          #include <REGX52.H>
   2          #include <intrins.h>
   3          void Delayxms(unsigned int x)   //@11.0592MHz
   4          {
   5   1              unsigned char data i, j;
   6   1              while(x--)
   7   1              {
   8   2                      _nop_();
   9   2                      i = 2;
  10   2                      j = 199;
  11   2                      do
  12   2                      {
  13   3                              while (--j);
  14   3                      } while (--i);
  15   2              }
  16   1      }
  17          
  18          //void main()
  19          //{
  20          //      unsigned char LEDNum=0;
  21          //      P2=~0x01;
  22          //      while(1)
  23          //      {
  24          //              if(P3_1==0)
  25          //              {
  26          //                      Delayxms(20);
  27          //                      while(P3_1==0);
  28          //                      Delayxms(20);
  29          //                      LEDNum++;
  30          //                      if(LEDNum>=8)
  31          //                              LEDNum=0;
  32          //                      P2=~(0x01<<LEDNum);
  33          //                      
  34          //              }
  35          //              if(P3_0==0)
  36          //              {
  37          //                      Delayxms(20);
  38          //                      while(P3_0==0);
  39          //                      Delayxms(20);
  40          //                      if(LEDNum==0)
  41          //                              LEDNum=7;
  42          //                      else
  43          //                              LEDNum--;
  44          //                      P2=~(0x01<<LEDNum);
  45          //                      
  46          //              }
  47          //      }
  48          
  49          //}
  50          
  51          void main()
  52          {
  53   1              unsigned char LEDNum=0;
  54   1              P2=~0x80;
C51 COMPILER V9.54   MAIN                                                                  02/22/2025 19:59:43 PAGE 2   

  55   1              while(1)
  56   1              {
  57   2                      if(P3_1==0)
  58   2                      {
  59   3                              Delayxms(20);
  60   3                              while(P3_1==0);
  61   3                              Delayxms(20);
  62   3                              LEDNum++;
  63   3                              if(LEDNum>=8)
  64   3                                      LEDNum=0;
  65   3                              P2=~(0x80>>LEDNum);
  66   3                              
  67   3                      }
  68   2                      if(P3_0==0)
  69   2                      {
  70   3                              Delayxms(20);
  71   3                              while(P3_0==0);
  72   3                              Delayxms(20);
  73   3                              if(LEDNum==0)
  74   3                                      LEDNum=7;
  75   3                              else
  76   3                                      LEDNum--;
  77   3                              P2=~(0x80>>LEDNum);
  78   3                              
  79   3                      }
  80   2              }
  81   1      
  82   1      }


MODULE INFORMATION:   STATIC OVERLAYABLE
   CODE SIZE        =    102    ----
   CONSTANT SIZE    =   ----    ----
   XDATA SIZE       =   ----    ----
   PDATA SIZE       =   ----    ----
   DATA SIZE        =   ----    ----
   IDATA SIZE       =   ----    ----
   BIT SIZE         =   ----    ----
END OF MODULE INFORMATION.


C51 COMPILATION COMPLETE.  0 WARNING(S),  0 ERROR(S)
