C51 COMPILER V9.54   MAIN                                                                  03/17/2025 19:48:22 PAGE 1   


C51 COMPILER V9.54, COMPILATION OF MODULE MAIN
OBJECT MODULE PLACED IN .\Objects\main.obj
COMPILER INVOKED BY: D:\KEIL 5C51\C51\BIN\C51.EXE main.c OPTIMIZE(8,SPEED) BROWSE DEBUG OBJECTEXTEND PRINT(.\Listings\ma
                    -in.lst) OBJECT(.\Objects\main.obj)

line level    source

   1          #include <REGX52.H>
   2          #include "Delay.h"
   3          #include "MatrixLED.h"
   4          
   5          
   6          void main()
   7          {
   8   1              MatrixLED_Init();
   9   1              while(1)
  10   1              {       //LED矩阵屏输出爱心图案
  11   2                      MatrixLED_ShowColumn(1,0x30);
  12   2                      MatrixLED_ShowColumn(2,0x78);
  13   2                      MatrixLED_ShowColumn(3,0x7C);
  14   2                      MatrixLED_ShowColumn(4,0x3E);
  15   2                      MatrixLED_ShowColumn(5,0x3E);
  16   2                      MatrixLED_ShowColumn(6,0x7C);
  17   2                      MatrixLED_ShowColumn(7,0x78);
  18   2                      MatrixLED_ShowColumn(8,0x30);           
  19   2              }
  20   1      }


MODULE INFORMATION:   STATIC OVERLAYABLE
   CODE SIZE        =     77    ----
   CONSTANT SIZE    =   ----    ----
   XDATA SIZE       =   ----    ----
   PDATA SIZE       =   ----    ----
   DATA SIZE        =   ----    ----
   IDATA SIZE       =   ----    ----
   BIT SIZE         =   ----    ----
END OF MODULE INFORMATION.


C51 COMPILATION COMPLETE.  0 WARNING(S),  0 ERROR(S)
