C51 COMPILER V9.54   MAIN                                                                  02/22/2025 16:30:41 PAGE 1   


C51 COMPILER V9.54, COMPILATION OF MODULE MAIN
OBJECT MODULE PLACED IN .\Objects\main.obj
COMPILER INVOKED BY: D:\KEIL 5C51\C51\BIN\C51.EXE main.c OPTIMIZE(8,SPEED) BROWSE DEBUG OBJECTEXTEND PRINT(.\Listings\ma
                    -in.lst) OBJECT(.\Objects\main.obj)

line level    source

   1          #include <REGX52.H>
   2          #include <intrins.h>
   3          void main()
   4          {
   5   1      //      P2=0xFE;
   6   1      //      P2_0=0;
   7   1      //      P2_4=0;
   8   1      //      P2_3=0;
   9   1              while(1)
  10   1              {
  11   2                      if(P3_1==0)
  12   2                      {
  13   3                              P2_0=0;
  14   3                      }
  15   2                      else
  16   2                              P2_0=1;
  17   2                      
  18   2              }
  19   1      
  20   1      }


MODULE INFORMATION:   STATIC OVERLAYABLE
   CODE SIZE        =     11    ----
   CONSTANT SIZE    =   ----    ----
   XDATA SIZE       =   ----    ----
   PDATA SIZE       =   ----    ----
   DATA SIZE        =   ----    ----
   IDATA SIZE       =   ----    ----
   BIT SIZE         =   ----    ----
END OF MODULE INFORMATION.


C51 COMPILATION COMPLETE.  0 WARNING(S),  0 ERROR(S)
