C51 COMPILER V9.54   MAIN                                                                  02/25/2025 20:23:04 PAGE 1   


C51 COMPILER V9.54, COMPILATION OF MODULE MAIN
OBJECT MODULE PLACED IN .\Objects\main.obj
COMPILER INVOKED BY: D:\KEIL 5C51\C51\BIN\C51.EXE main.c OPTIMIZE(8,SPEED) BROWSE DEBUG OBJECTEXTEND PRINT(.\Listings\ma
                    -in.lst) OBJECT(.\Objects\main.obj)

line level    source

   1          #include <REGX52.H>
   2          #include "LCD1602.h"
   3          #include "Delay.h"
   4          
   5          int result;
   6          
   7          
   8          void main()
   9          {
  10   1              LCD_Init();
  11   1      //      LCD_ShowChar(1,2,'A');
  12   1      //      LCD_ShowNum(2,3,123,3);
  13   1      //      LCD_ShowSignedNum(1,4,-12,2);
  14   1      //      LCD_ShowHexNum(1,13,0xA8,2);
  15   1      //      LCD_ShowBinNum(2,8,0xAA,8);
  16   1              
  17   1              
  18   1              
  19   1              result=1+1;
  20   1              LCD_ShowNum(2,3,result,3);
  21   1              
  22   1              
  23   1              
  24   1              
  25   1              while(1)
  26   1              {
  27   2                      result++;
  28   2                      Delay(1000);
  29   2                      LCD_ShowNum(2,3,result,3);
  30   2              }
  31   1      }


MODULE INFORMATION:   STATIC OVERLAYABLE
   CODE SIZE        =     54    ----
   CONSTANT SIZE    =   ----    ----
   XDATA SIZE       =   ----    ----
   PDATA SIZE       =   ----    ----
   DATA SIZE        =      2    ----
   IDATA SIZE       =   ----    ----
   BIT SIZE         =   ----    ----
END OF MODULE INFORMATION.


C51 COMPILATION COMPLETE.  0 WARNING(S),  0 ERROR(S)
