C51 COMPILER V9.54   MAIN                                                                  02/26/2025 21:28:21 PAGE 1   


C51 COMPILER V9.54, COMPILATION OF MODULE MAIN
OBJECT MODULE PLACED IN .\Objects\main.obj
COMPILER INVOKED BY: D:\KEIL 5C51\C51\BIN\C51.EXE main.c OPTIMIZE(8,SPEED) BROWSE DEBUG OBJECTEXTEND PRINT(.\Listings\ma
                    -in.lst) OBJECT(.\Objects\main.obj)

line level    source

   1          #include <REGX52.H>
   2          #include "Delay.h"
   3          #include "LCD1602.h"
   4          #include "MatrixKey.h"
   5          
   6          unsigned char KeyNum;
   7          unsigned int Password=0,count=0;
   8          
   9          void main()
  10          {
  11   1              LCD_Init();
  12   1              LCD_ShowString(1,1,"Password:");
  13   1              while(1)
  14   1              {
  15   2                      KeyNum=MatrixKey();
  16   2                      if(KeyNum)
  17   2                      {
  18   3                              if(KeyNum<=10)   //如果S1-S10按键按下，输入密码
  19   3                              {
  20   4                                      if(count<4)    //如果输入次数小于4
  21   4                                      {
  22   5                                              Password*=10;       //密码左移一位
  23   5                                              Password+=KeyNum%10;    //获取一位密码
  24   5                                              count++;    //计次加一
  25   5                                      }
  26   4                                      LCD_ShowNum(2,1,Password,4);   //更新显示
  27   4                              }
  28   3                              if(KeyNum==11)   //如果S11按键按下，表示确认
  29   3                              {
  30   4                                      if(Password==2345)   //如果密码等于正确密码
  31   4                                      {
  32   5                                              LCD_ShowString(1,12,"OK ");   //显示OK
  33   5                                              Password=0;    //密码清零
  34   5                                              count=0;       //计次清零
  35   5                                              LCD_ShowNum(2,1,Password,4);  //更新显示
  36   5                                      }
  37   4                                      else
  38   4                                      {
  39   5                                              LCD_ShowString(1,12,"ERR");  //显示ERR
  40   5                                              Password=0;    //密码清零
  41   5                                              count=0;       //计次清零
  42   5                                              LCD_ShowNum(2,1,Password,4);  //更新显示
  43   5                                      }
  44   4                                              
  45   4                              }
  46   3                              if(KeyNum==12) 
  47   3                              {
  48   4                                      Password=0;    //密码清零
  49   4                                      count=0;       //计次清零
  50   4                                      LCD_ShowNum(2,1,Password,4);  //更新显示
  51   4                              }
  52   3                      }
  53   2              }
  54   1      }
C51 COMPILER V9.54   MAIN                                                                  02/26/2025 21:28:21 PAGE 2   



MODULE INFORMATION:   STATIC OVERLAYABLE
   CODE SIZE        =    189    ----
   CONSTANT SIZE    =     18    ----
   XDATA SIZE       =   ----    ----
   PDATA SIZE       =   ----    ----
   DATA SIZE        =      5    ----
   IDATA SIZE       =   ----    ----
   BIT SIZE         =   ----    ----
END OF MODULE INFORMATION.


C51 COMPILATION COMPLETE.  0 WARNING(S),  0 ERROR(S)
