C51 COMPILER V9.54   MAIN                                                                  02/22/2025 18:43:28 PAGE 1   


C51 COMPILER V9.54, COMPILATION OF MODULE MAIN
OBJECT MODULE PLACED IN .\Objects\main.obj
COMPILER INVOKED BY: D:\KEIL 5C51\C51\BIN\C51.EXE main.c OPTIMIZE(8,SPEED) BROWSE DEBUG OBJECTEXTEND PRINT(.\Listings\ma
                    -in.lst) OBJECT(.\Objects\main.obj)

line level    source

   1          #include <REGX52.H>
   2          #include <intrins.h>
   3          void Delayxms(unsigned int x)   //@11.0592MHz
   4          {
   5   1              unsigned char data i, j;
   6   1              while(x--)
   7   1              {
   8   2                      _nop_();
   9   2                      i = 2;
  10   2                      j = 199;
  11   2                      do
  12   2                      {
  13   3                              while (--j);
  14   3                      } while (--i);
  15   2              }
  16   1      }
  17          void main()
  18          {
  19   1              while(1)
  20   1              {
  21   2                      if(P3_1==0)
  22   2                      {
  23   3                              Delayxms(20);
  24   3                              while(P3_1==0);
  25   3                              Delayxms(20);
  26   3                              
  27   3                              P2_0=~P2_0;
  28   3                              
  29   3                      }
  30   2              }
  31   1      
  32   1      }


MODULE INFORMATION:   STATIC OVERLAYABLE
   CODE SIZE        =     46    ----
   CONSTANT SIZE    =   ----    ----
   XDATA SIZE       =   ----    ----
   PDATA SIZE       =   ----    ----
   DATA SIZE        =   ----    ----
   IDATA SIZE       =   ----    ----
   BIT SIZE         =   ----    ----
END OF MODULE INFORMATION.


C51 COMPILATION COMPLETE.  0 WARNING(S),  0 ERROR(S)
