C51 COMPILER V9.54   MAIN                                                                  03/29/2025 16:19:43 PAGE 1   


C51 COMPILER V9.54, COMPILATION OF MODULE MAIN
OBJECT MODULE PLACED IN .\Objects\main.obj
COMPILER INVOKED BY: D:\KEIL 5C51\C51\BIN\C51.EXE main.c OPTIMIZE(8,SPEED) BROWSE DEBUG OBJECTEXTEND PRINT(.\Listings\ma
                    -in.lst) OBJECT(.\Objects\main.obj)

line level    source

   1          #include <REGX52.H>
   2          #include "Delay.h"
   3          #include "Key.h"
   4          #include "Nixie.h"
   5          #include "Timer0.h"
   6          
   7          sbit DA=P2^1;
   8          
   9          unsigned char Counter,Compare;
  10          unsigned char i;
  11          
  12          void main()
  13          {
  14   1              Timer0_Init();
  15   1              Compare=0;
  16   1              while(1)
  17   1              {
  18   2                      for(i=0;i<100;i++)
  19   2                      {
  20   3                              Compare=i;
  21   3                              Delay(10);
  22   3                      }
  23   2                      for(i=100;i>0;i--)
  24   2                      {
  25   3                              Compare=i;
  26   3                              Delay(10);
  27   3                      }
  28   2                      
  29   2                      
  30   2              }
  31   1      }
  32          
  33          void Timer0_Routine() interrupt 1
  34          {
  35   1              TL0 = 0xA4;                             //设置定时初始值
  36   1              TH0 = 0xFF;                             //设置定时初始值
  37   1              Counter++;
  38   1              Counter%=100;
  39   1              if(Counter<Compare)
  40   1              {
  41   2                      DA=1;
  42   2              }
  43   1              else
  44   1              {
  45   2                      DA=0;
  46   2              }
  47   1              
  48   1      }
  49          


MODULE INFORMATION:   STATIC OVERLAYABLE
   CODE SIZE        =     95    ----
   CONSTANT SIZE    =   ----    ----
C51 COMPILER V9.54   MAIN                                                                  03/29/2025 16:19:43 PAGE 2   

   XDATA SIZE       =   ----    ----
   PDATA SIZE       =   ----    ----
   DATA SIZE        =      3    ----
   IDATA SIZE       =   ----    ----
   BIT SIZE         =   ----    ----
END OF MODULE INFORMATION.


C51 COMPILATION COMPLETE.  0 WARNING(S),  0 ERROR(S)
