C51 COMPILER V9.54   BUZZER                                                                03/19/2025 19:12:56 PAGE 1   


C51 COMPILER V9.54, COMPILATION OF MODULE BUZZER
OBJECT MODULE PLACED IN .\Objects\Buzzer.obj
COMPILER INVOKED BY: D:\KEIL 5C51\C51\BIN\C51.EXE Buzzer.c OPTIMIZE(8,SPEED) BROWSE DEBUG OBJECTEXTEND PRINT(.\Listings\
                    -Buzzer.lst) OBJECT(.\Objects\Buzzer.obj)

line level    source

   1          #include <REGX52.H>
   2          #include "Delay.h"
   3          #include <Intrins.h>
   4          
   5          sbit Buzzer=P2^5;
   6          
   7          void Buzzer_Delay500us(void)    //@11.0592MHz
   8          {
   9   1              unsigned char data i;
  10   1      
  11   1              _nop_();
  12   1              i = 227;
  13   1              while (--i);
  14   1      }
  15          
  16          
  17          void Buzzer_Time(unsigned int ms)
  18          {
  19   1              unsigned int i;
  20   1              for(i=0;i<ms*2;i++)
  21   1              {
  22   2                      Buzzer=!Buzzer;
  23   2                      Buzzer_Delay500us();
  24   2              }
  25   1      }


MODULE INFORMATION:   STATIC OVERLAYABLE
   CODE SIZE        =     40    ----
   CONSTANT SIZE    =   ----    ----
   XDATA SIZE       =   ----    ----
   PDATA SIZE       =   ----    ----
   DATA SIZE        =   ----    ----
   IDATA SIZE       =   ----    ----
   BIT SIZE         =   ----    ----
END OF MODULE INFORMATION.


C51 COMPILATION COMPLETE.  0 WARNING(S),  0 ERROR(S)
