C51 COMPILER V9.54   NIXIE                                                                 03/19/2025 18:49:31 PAGE 1   


C51 COMPILER V9.54, COMPILATION OF MODULE NIXIE
OBJECT MODULE PLACED IN .\Objects\Nixie.obj
COMPILER INVOKED BY: D:\KEIL 5C51\C51\BIN\C51.EXE Nixie.c OPTIMIZE(8,SPEED) BROWSE DEBUG OBJECTEXTEND PRINT(.\Listings\N
                    -ixie.lst) OBJECT(.\Objects\Nixie.obj)

line level    source

   1          #include <REGX52.H>
   2          
   3          #include "Delay.h"
   4          
   5          unsigned char NixieTable[]={0x3F,0x06,0x5B,0x4F,0x66,0x6D,0x7D,0x07,0x7F,0x6F,0x77,0x7C,0x39,0x5E,0x79,0x7
             -1,0x00};
   6          
   7          /**
   8            * @brief  数码管显示数字
   9            * @param  位置（1-8）
  10            * @param      显示数字（16进制：0-15）
  11            * @retval 无
  12            */
  13          
  14          void Nixie(unsigned char Location,Number)
  15          
  16          {
  17   1              switch(Location)
  18   1              {
  19   2                      case 1:P2_4=1;P2_3=1;P2_2=1;break;
  20   2                      case 2:P2_4=1;P2_3=1;P2_2=0;break;
  21   2                      case 3:P2_4=1;P2_3=0;P2_2=1;break;
  22   2                      case 4:P2_4=1;P2_3=0;P2_2=0;break;
  23   2                      case 5:P2_4=0;P2_3=1;P2_2=1;break;
  24   2                      case 6:P2_4=0;P2_3=1;P2_2=0;break;
  25   2                      case 7:P2_4=0;P2_3=0;P2_2=1;break;
  26   2                      case 8:P2_4=0;P2_3=0;P2_2=0;break;
  27   2              }
  28   1              P0=NixieTable[Number];
  29   1      //      Delay(1);
  30   1      //      P0=0x00;
  31   1      }


MODULE INFORMATION:   STATIC OVERLAYABLE
   CODE SIZE        =     99    ----
   CONSTANT SIZE    =   ----    ----
   XDATA SIZE       =   ----    ----
   PDATA SIZE       =   ----    ----
   DATA SIZE        =     17    ----
   IDATA SIZE       =   ----    ----
   BIT SIZE         =   ----    ----
END OF MODULE INFORMATION.


C51 COMPILATION COMPLETE.  0 WARNING(S),  0 ERROR(S)
