C51 COMPILER V9.54   MAIN                                                                  02/23/2025 21:57:55 PAGE 1   


C51 COMPILER V9.54, COMPILATION OF MODULE MAIN
OBJECT MODULE PLACED IN .\Objects\main.obj
COMPILER INVOKED BY: D:\KEIL 5C51\C51\BIN\C51.EXE main.c OPTIMIZE(8,SPEED) BROWSE DEBUG OBJECTEXTEND PRINT(.\Listings\ma
                    -in.lst) OBJECT(.\Objects\main.obj)

line level    source

   1          #include <REGX52.H>
   2          #include <INTRINS.H>
   3          void Delayxms(unsigned int x)   
   4          {
   5   1              unsigned char data i, j;
   6   1              while(x--)
   7   1              {
   8   2                      _nop_();
   9   2                      i = 2;
  10   2                      j = 199;
  11   2                      do
  12   2                      {
  13   3                              while (--j);
  14   3                      } while (--i);
  15   2              }
  16   1      }
  17          unsigned char NixieTable[]={0x3F,0x06,0x5B,0x4F,0x66,0x6D,0x7D,0x07,0x7F,0x6F,0x77,0x7C,0x39,0x5E,0x79,0x7
             -1,0x00};
  18          void Nixie(unsigned char Location,char Number)
  19          {
  20   1              switch(Location)
  21   1              {
  22   2                      case 1:P2_4=1;P2_3=1;P2_2=1;break;
  23   2                      case 2:P2_4=1;P2_3=1;P2_2=0;break;
  24   2                      case 3:P2_4=1;P2_3=0;P2_2=1;break;
  25   2                      case 4:P2_4=1;P2_3=0;P2_2=0;break;
  26   2                      case 5:P2_4=0;P2_3=1;P2_2=1;break;
  27   2                      case 6:P2_4=0;P2_3=1;P2_2=0;break;
  28   2                      case 7:P2_4=0;P2_3=0;P2_2=1;break;
  29   2                      case 8:P2_4=0;P2_3=0;P2_2=0;break;
  30   2              }
  31   1              P0=NixieTable[Number];
  32   1              Delayxms(1000);
  33   1              P0=0x00;
  34   1      }
  35          
  36          void main()
  37          {
  38   1              
  39   1      //      老师教导的
  40   1      //      while(1)
  41   1      //      {
  42   1      //              Nixie(1,1);
  43   1      //              Delayxms(1);
  44   1      //              Nixie(2,2);
  45   1      //              Delayxms(1);
  46   1      //              Nixie(3,3);     
  47   1      //              Delayxms(1);
  48   1      //              Nixie(4,4);     
  49   1      //              Delayxms(1);
  50   1      //      }
  51   1      
  52   1              
  53   1              
C51 COMPILER V9.54   MAIN                                                                  02/23/2025 21:57:55 PAGE 2   

  54   1              int i;
  55   1              int j=-1;
  56   1              while(1)
  57   1              {
  58   2                      for(i=1;i<=8;i++)
  59   2                      {
  60   3                              j++;
  61   3                              Nixie(i,j);
  62   3      
  63   3                              Delayxms(50);
  64   3                              if(i>8)
  65   3                                      i=1;
  66   3      
  67   3                              if(j>=16)
  68   3                                      j=-1;
  69   3                      }
  70   2              }
  71   1              
  72   1              
  73   1              
  74   1      }
  75          
  76          


MODULE INFORMATION:   STATIC OVERLAYABLE
   CODE SIZE        =    214    ----
   CONSTANT SIZE    =   ----    ----
   XDATA SIZE       =   ----    ----
   PDATA SIZE       =   ----    ----
   DATA SIZE        =     17       2
   IDATA SIZE       =   ----    ----
   BIT SIZE         =   ----    ----
END OF MODULE INFORMATION.


C51 COMPILATION COMPLETE.  0 WARNING(S),  0 ERROR(S)
