C51 COMPILER V9.54   MAIN                                                                  03/26/2025 14:39:10 PAGE 1   


C51 COMPILER V9.54, COMPILATION OF MODULE MAIN
OBJECT MODULE PLACED IN .\Objects\main.obj
COMPILER INVOKED BY: D:\KEIL 5C51\C51\BIN\C51.EXE main.c OPTIMIZE(8,SPEED) BROWSE DEBUG OBJECTEXTEND PRINT(.\Listings\ma
                    -in.lst) OBJECT(.\Objects\main.obj)

line level    source

   1          #include <REGX52.H>
   2          
   3          sbit LED = P2^0;
   4          
   5          
   6          void Delay(unsigned int t)
   7          {
   8   1              while(t--);
   9   1      }
  10          
  11          
  12          void main()
  13          {
  14   1              unsigned char Time,i;
  15   1              while(1)
  16   1              {
  17   2                      for(Time=0;Time<100;Time++)
  18   2                      {
  19   3                              for(i=0;i<20;i++)
  20   3                              {
  21   4                                      LED=0;
  22   4                                      Delay(Time);            
  23   4                                      LED=1;
  24   4                                      Delay(100-Time);        
  25   4                              }
  26   3                      }
  27   2                      for(Time=100;Time>0;Time--)
  28   2                      {
  29   3                              for(i=0;i<20;i++)
  30   3                              {
  31   4                                      LED=0;
  32   4                                      Delay(Time);            
  33   4                                      LED=1;
  34   4                                      Delay(100-Time);        
  35   4                              }
  36   3                      }
  37   2              }
  38   1      }


MODULE INFORMATION:   STATIC OVERLAYABLE
   CODE SIZE        =     68    ----
   CONSTANT SIZE    =   ----    ----
   XDATA SIZE       =   ----    ----
   PDATA SIZE       =   ----    ----
   DATA SIZE        =   ----    ----
   IDATA SIZE       =   ----    ----
   BIT SIZE         =   ----    ----
END OF MODULE INFORMATION.


C51 COMPILATION COMPLETE.  0 WARNING(S),  0 ERROR(S)
