C51 COMPILER V9.54   MATRIXLED                                                             03/17/2025 20:54:10 PAGE 1   


C51 COMPILER V9.54, COMPILATION OF MODULE MATRIXLED
OBJECT MODULE PLACED IN .\Objects\MatrixLED.obj
COMPILER INVOKED BY: D:\KEIL 5C51\C51\BIN\C51.EXE MatrixLED.c OPTIMIZE(8,SPEED) BROWSE DEBUG OBJECTEXTEND PRINT(.\Listin
                    -gs\MatrixLED.lst) OBJECT(.\Objects\MatrixLED.obj)

line level    source

   1          #include <REGX52.H>
   2          #include "Delay.h"
   3          
   4          //定义管脚地址
   5          sbit RCK =P3^5;         //RCLK
   6          sbit SCK =P3^6;         //SRCLK
   7          sbit SER =P3^4;         //SER
   8          
   9          #define MATRIX_LED_PORT         P0
  10          
  11          
  12          /**
  13            * @brief  74HC595写入一个字节
  14            * @param  要写入的字节
  15            * @retval 无
  16            */
  17          void _74HC595_WriteByte(unsigned char Byte)
  18          {
  19   1              unsigned char i;
  20   1              for(i=0;i<8;i++)
  21   1              {
  22   2                      SER=Byte&(0x80>>i);             //从高为至低位，逐步写入字节数据
  23   2                      SCK=1;     //数据上移
  24   2                      SCK=0;     //置零
  25   2              }       
  26   1              RCK=1;          //数据整体发送
  27   1              RCK=0;          //置零
  28   1      }
  29          
  30          
  31          /**
  32            * @brief  点阵屏初始化
  33            * @param  
  34            * @retval 
  35            */
  36          void MatrixLED_Init()
  37          {
  38   1              SCK=0;
  39   1              RCK=0;
  40   1      }
  41          
  42          
  43          /**
  44            * @brief  LED点阵屏显示一列数据
  45            * @param  Column 要选中的列（0-7，0在最左边）
  46            * @param  Data 选择列要显示的数据（0x00-0xff,高位在上，1为亮，0为灭）
  47            * @retval 无
  48            */
  49          void MatrixLED_ShowColumn(unsigned char Column,Data)
  50          {
  51   1              _74HC595_WriteByte(Data);
  52   1              MATRIX_LED_PORT=~(0x80>>Column);
  53   1              Delay(1);       
  54   1              MATRIX_LED_PORT=0xFF;   
C51 COMPILER V9.54   MATRIXLED                                                             03/17/2025 20:54:10 PAGE 2   

  55   1      }


MODULE INFORMATION:   STATIC OVERLAYABLE
   CODE SIZE        =     84    ----
   CONSTANT SIZE    =   ----    ----
   XDATA SIZE       =   ----    ----
   PDATA SIZE       =   ----    ----
   DATA SIZE        =   ----    ----
   IDATA SIZE       =   ----    ----
   BIT SIZE         =   ----    ----
END OF MODULE INFORMATION.


C51 COMPILATION COMPLETE.  0 WARNING(S),  0 ERROR(S)
