C51 COMPILER V9.54   MAIN                                                                  02/22/2025 16:09:58 PAGE 1   


C51 COMPILER V9.54, COMPILATION OF MODULE MAIN
OBJECT MODULE PLACED IN .\Objects\main.obj
COMPILER INVOKED BY: D:\KEIL 5C51\C51\BIN\C51.EXE main.c OPTIMIZE(8,SPEED) BROWSE DEBUG OBJECTEXTEND PRINT(.\Listings\ma
                    -in.lst) TABS(2) OBJECT(.\Objects\main.obj)

line level    source

   1          #include <REGX52.H>
   2          #include <intrins.h>
   3          void Delay1ms(unsigned int xms) //@11.0592MHz
   4          {
   5   1        unsigned char data i, j;
   6   1        while(xms--)
   7   1        {
   8   2          _nop_();
   9   2          i = 2;
  10   2          j = 199;
  11   2          do
  12   2          {
  13   3            while (--j);
  14   3          } while (--i);
  15   2        }
  16   1      }
  17          
  18          void main()
  19          {
  20   1        while(1)
  21   1        {
  22   2          P2=0xFE;// 1111 1110
  23   2          Delay1ms(100);
  24   2          P2=0xFD;// 1111 1101
  25   2          Delay1ms(100);
  26   2          P2=0xFB;// 1111 1011
  27   2          Delay1ms(100);
  28   2          P2=0xF7;// 1111 0111
  29   2          Delay1ms(100);
  30   2          P2=0xEF;// 1110 1111
  31   2          Delay1ms(100);
  32   2          P2=0xDF;// 1101 1111 
  33   2          Delay1ms(100);
  34   2          P2=0xBF;// 1011 1111
  35   2          Delay1ms(100);
  36   2          P2=0x7F;// 0111 1111
  37   2          Delay1ms(100);
  38   2        }
  39   1      }


MODULE INFORMATION:   STATIC OVERLAYABLE
   CODE SIZE        =     76    ----
   CONSTANT SIZE    =   ----    ----
   XDATA SIZE       =   ----    ----
   PDATA SIZE       =   ----    ----
   DATA SIZE        =   ----    ----
   IDATA SIZE       =   ----    ----
   BIT SIZE         =   ----    ----
END OF MODULE INFORMATION.


C51 COMPILATION COMPLETE.  0 WARNING(S),  0 ERROR(S)
